<?xml version="1.0" encoding="UTF-8"?>
<!-- Generated by org.testng.reporters.JUnitReportReporter -->
<testsuite hostname="Sathya" name="com.ausum.qa.seleniumtests.LoginSuccessTest" tests="1" failures="0" timestamp="4 Apr 2016 17:21:01 GMT" time="48.576" errors="0">
  <testcase name="test" time="48.576" classname="com.ausum.qa.seleniumtests.LoginSuccessTest"/>
</testsuite> <!-- com.ausum.qa.seleniumtests.LoginSuccessTest -->
